[32m[19:41:36.292][INFO][queue-test][src/queue_test.ts:23][][39m Main started.
[32m[19:41:38.360][INFO][queue-test][src/queue_test.ts:8][runner#2/0.5928667374482595][39m consuming started:  {
  insertTime: '2024-08-15T11:38:52.923Z',
  uuid: 'ab898695-6fef-467d-86fc-15c2e058c17f'
}
[32m[19:41:38.364][INFO][queue-test][src/queue_test.ts:8][runner#1/0.7307217622564501][39m consuming started:  {
  insertTime: '2024-08-15T11:38:52.923Z',
  uuid: 'd18e728e-1e4b-43a5-9172-badcdacfab79'
}
[32m[19:41:38.366][INFO][queue-test][src/queue_test.ts:8][runner#0/0.5187137112582398][39m consuming started:  {
  insertTime: '2024-08-15T11:38:52.923Z',
  uuid: '06daa548-9c64-42eb-9bba-b3de6600ec55'
}
[32m[19:41:41.735][INFO][queue-test][src/queue_test.ts:17][runner#0/0.5187137112582398][39m consuming finished.
[32m[19:41:42.147][INFO][queue-test][src/queue_test.ts:8][runner#0/0.5187137112582398][39m consuming started:  {
  insertTime: '2024-08-15T11:38:52.923Z',
  uuid: '55c0af15-5cb7-41be-a348-358a70947794'
}
[32m[19:41:42.456][INFO][queue-test][src/queue_test.ts:17][runner#2/0.5928667374482595][39m consuming finished.
[32m[19:41:42.772][INFO][queue-test][src/queue_test.ts:17][runner#1/0.7307217622564501][39m consuming finished.
[32m[19:41:42.866][INFO][queue-test][src/queue_test.ts:8][runner#2/0.5928667374482595][39m consuming started:  {
  insertTime: '2024-08-15T11:38:52.923Z',
  uuid: '32d70d2b-4dfc-4449-aac7-138e1920e11c'
}
[32m[19:41:43.214][INFO][queue-test][src/queue_test.ts:8][runner#1/0.7307217622564501][39m consuming started:  {
  insertTime: '2024-08-15T11:38:52.923Z',
  uuid: 'ab3b626a-819c-4e63-b341-ecbc77519b18'
}
[32m[19:41:46.954][INFO][queue-test][src/queue_test.ts:17][runner#0/0.5187137112582398][39m consuming finished.
[32m[19:41:47.017][INFO][queue-test][src/queue_test.ts:17][runner#1/0.7307217622564501][39m consuming finished.
[32m[19:41:47.384][INFO][queue-test][src/queue_test.ts:8][runner#0/0.5187137112582398][39m consuming started:  {
  insertTime: '2024-08-15T11:38:52.923Z',
  uuid: '4918d2cf-357a-4ff9-9006-aff784fccf9a'
}
[32m[19:41:47.498][INFO][queue-test][src/queue_test.ts:8][runner#1/0.7307217622564501][39m consuming started:  {
  insertTime: '2024-08-15T11:38:52.923Z',
  uuid: '44fa94c9-e7ae-4c75-940c-6c6895af0bc8'
}
[32m[19:41:47.867][INFO][queue-test][src/queue_test.ts:17][runner#2/0.5928667374482595][39m consuming finished.
[32m[19:41:48.265][INFO][queue-test][src/queue_test.ts:8][runner#2/0.5928667374482595][39m consuming started:  {
  insertTime: '2024-08-15T11:38:52.923Z',
  uuid: 'd9428366-4ab2-4f9a-9773-134974b2c2cd'
}
[32m[19:41:51.346][INFO][queue-test][src/queue_test.ts:17][runner#1/0.7307217622564501][39m consuming finished.
[32m[19:41:51.517][INFO][queue-test][src/queue_test.ts:17][runner#0/0.5187137112582398][39m consuming finished.
[32m[19:41:51.758][INFO][queue-test][src/queue_test.ts:8][runner#1/0.7307217622564501][39m consuming started:  {
  insertTime: '2024-08-15T11:38:52.923Z',
  uuid: 'c55bf844-de24-4a32-9ce6-454f8aabe931'
}
[32m[19:41:51.928][INFO][queue-test][src/queue_test.ts:8][runner#0/0.5187137112582398][39m consuming started:  {
  insertTime: '2024-08-15T11:38:52.923Z',
  uuid: 'de30e606-e92b-41b3-91b9-e25935b60db5'
}
[32m[19:41:52.260][INFO][queue-test][src/queue_test.ts:17][runner#2/0.5928667374482595][39m consuming finished.
[32m[19:41:52.746][INFO][queue-test][src/queue_test.ts:8][runner#2/0.5928667374482595][39m consuming started:  {
  insertTime: '2024-08-15T11:38:52.923Z',
  uuid: 'c7d9c02b-9f90-4c66-8c9d-393205fca1fb'
}
[32m[19:41:55.796][INFO][queue-test][src/queue_test.ts:17][runner#0/0.5187137112582398][39m consuming finished.
[32m[19:41:55.803][INFO][queue-test][src/queue_test.ts:17][runner#1/0.7307217622564501][39m consuming finished.
[32m[19:41:56.291][INFO][queue-test][src/queue_test.ts:8][runner#1/0.7307217622564501][39m consuming started:  {
  insertTime: '2024-08-15T11:38:52.923Z',
  uuid: '50f4c8f8-65fc-4160-971c-b03f5c480245'
}
[32m[19:41:56.296][INFO][queue-test][src/queue_test.ts:8][runner#0/0.5187137112582398][39m consuming started:  {
  insertTime: '2024-08-15T11:38:52.923Z',
  uuid: 'c339cec1-609c-4c79-86d5-3463155351dc'
}
[32m[19:41:57.369][INFO][queue-test][src/queue_test.ts:17][runner#2/0.5928667374482595][39m consuming finished.
[32m[19:41:57.775][INFO][queue-test][src/queue_test.ts:8][runner#2/0.5928667374482595][39m consuming started:  {
  insertTime: '2024-08-15T11:38:52.923Z',
  uuid: '64eb38ff-8c47-4fc0-9d36-a978ba6592a4'
}
[32m[19:41:59.582][INFO][queue-test][src/queue_test.ts:17][runner#1/0.7307217622564501][39m consuming finished.
[32m[19:41:59.618][INFO][queue-test][src/queue_test.ts:17][runner#0/0.5187137112582398][39m consuming finished.
[32m[19:41:59.999][INFO][queue-test][src/queue_test.ts:8][runner#1/0.7307217622564501][39m consuming started:  {
  insertTime: '2024-08-15T11:38:52.923Z',
  uuid: '92024c7a-2545-43d1-9c49-d0cb0fce9a3f'
}
[32m[19:42:00.081][INFO][queue-test][src/queue_test.ts:8][runner#0/0.5187137112582398][39m consuming started:  {
  insertTime: '2024-08-15T11:38:52.923Z',
  uuid: '3ed42041-828b-48fa-ae6f-42d406adda62'
}
[32m[19:42:02.526][INFO][queue-test][src/queue_test.ts:17][runner#2/0.5928667374482595][39m consuming finished.
[32m[19:42:02.927][INFO][queue-test][src/queue_test.ts:8][runner#2/0.5928667374482595][39m consuming started:  {
  insertTime: '2024-08-15T11:38:52.923Z',
  uuid: '5be4d528-43de-40d1-bb12-2a6e366c2404'
}
[32m[19:42:04.379][INFO][queue-test][src/queue_test.ts:17][runner#1/0.7307217622564501][39m consuming finished.
[32m[19:42:04.793][INFO][queue-test][src/queue_test.ts:17][runner#0/0.5187137112582398][39m consuming finished.
[32m[19:42:04.804][INFO][queue-test][src/queue_test.ts:8][runner#1/0.7307217622564501][39m consuming started:  {
  insertTime: '2024-08-15T11:38:52.923Z',
  uuid: '698ddbe7-7ba1-4576-b916-ef9657242884'
}
[32m[19:42:05.208][INFO][queue-test][src/queue_test.ts:8][runner#0/0.5187137112582398][39m consuming started:  {
  insertTime: '2024-08-15T11:38:52.923Z',
  uuid: '8ea53b3c-0405-4a2d-abfc-e7f229d105df'
}
[32m[19:42:06.347][INFO][queue-test][src/queue_test.ts:17][runner#2/0.5928667374482595][39m consuming finished.
[32m[19:42:06.774][INFO][queue-test][src/queue_test.ts:8][runner#2/0.5928667374482595][39m consuming started:  {
  insertTime: '2024-08-15T11:38:52.923Z',
  uuid: 'eabe87b4-c4a3-41e4-9c20-ab2cbf4cef91'
}
[32m[19:42:09.452][INFO][queue-test][src/queue_test.ts:17][runner#0/0.5187137112582398][39m consuming finished.
[32m[19:42:09.675][INFO][queue-test][src/queue_test.ts:17][runner#1/0.7307217622564501][39m consuming finished.
[32m[19:42:09.814][INFO][queue-test][src/queue_test.ts:17][runner#2/0.5928667374482595][39m consuming finished.
[32m[19:42:09.927][INFO][queue-test][src/queue_test.ts:8][runner#0/0.5187137112582398][39m consuming started:  {
  insertTime: '2024-08-15T11:38:52.923Z',
  uuid: 'fd59396f-1ff9-44f3-a81b-70467e14dfb5'
}
[32m[19:42:10.085][INFO][queue-test][src/queue_test.ts:8][runner#1/0.7307217622564501][39m consuming started:  {
  insertTime: '2024-08-15T11:38:52.923Z',
  uuid: '95a6af91-7c4b-46e8-bceb-522aa75e35da'
}
[32m[19:42:10.257][INFO][queue-test][src/queue_test.ts:8][runner#2/0.5928667374482595][39m consuming started:  {
  insertTime: '2024-08-15T11:38:52.923Z',
  uuid: 'f1b31137-464f-4ee5-b258-c0bab03e801e'
}
[32m[19:42:13.144][INFO][queue-test][src/queue_test.ts:17][runner#1/0.7307217622564501][39m consuming finished.
[32m[19:42:13.759][INFO][queue-test][src/queue_test.ts:17][runner#0/0.5187137112582398][39m consuming finished.
[32m[19:42:14.452][INFO][queue-test][src/queue_test.ts:17][runner#2/0.5928667374482595][39m consuming finished.
